<?xml version="1.0" encoding="UTF-8"?>
<!-- Generated by org.testng.reporters.JUnitReportReporter -->
<testsuite hostname="DESKTOP-8923KN6" failures="0" tests="1" name="myTests.FirstTest" time="3.216" errors="0" timestamp="2023-03-29T17:02:10 AST" skipped="0">
  <testcase classname="myTests.FirstTest" name="f" time="3.216"/>
  <system-out/>
</testsuite> <!-- myTests.FirstTest -->
